This is pdfTeX, Version 3.1415926-1.40.10 (TeX Live 2009/Debian) (format=pdflatex 2011.11.1)  13 DEC 2011 05:42
entering extended mode
 %&-line parsing enabled.
**report3.tex
(./report3.tex
LaTeX2e <2009/09/24>
Babel <v3.8l> and hyphenation patterns for english, usenglishmax, dumylang, noh
yphenation, loaded.
(/usr/share/texmf-texlive/tex/latex/base/article.cls
Document Class: article 2007/10/19 v1.4h Standard LaTeX document class
(/usr/share/texmf-texlive/tex/latex/base/size10.clo
File: size10.clo 2007/10/19 v1.4h Standard LaTeX file (size option)
)
\c@part=\count79
\c@section=\count80
\c@subsection=\count81
\c@subsubsection=\count82
\c@paragraph=\count83
\c@subparagraph=\count84
\c@figure=\count85
\c@table=\count86
\abovecaptionskip=\skip41
\belowcaptionskip=\skip42
\bibindent=\dimen102
)
(/usr/share/texmf-texlive/tex/latex/base/fixltx2e.sty
Package: fixltx2e 2006/09/13 v1.1m fixes to LaTeX
LaTeX Info: Redefining \em on input line 420.
)
(/usr/share/texmf-texlive/tex/latex/cmap/cmap.sty
Package: cmap 2008/03/06 v1.0h CMap support: searchable PDF
)
(/usr/share/texmf-texlive/tex/latex/base/ifthen.sty
Package: ifthen 2001/05/26 v1.1c Standard LaTeX ifthen package (DPC)
)
(/usr/share/texmf-texlive/tex/latex/base/fontenc.sty
Package: fontenc 2005/09/27 v1.99g Standard LaTeX package

(/usr/share/texmf-texlive/tex/latex/base/t1enc.def
File: t1enc.def 2005/09/27 v1.99g Standard LaTeX file
LaTeX Font Info:    Redeclaring font encoding T1 on input line 43.
)<<t1.cmap>>)
(/usr/share/texmf-texlive/tex/latex/base/inputenc.sty
Package: inputenc 2008/03/30 v1.1d Input encoding file
\inpenc@prehook=\toks14
\inpenc@posthook=\toks15

(/usr/share/texmf-texlive/tex/latex/base/utf8.def
File: utf8.def 2008/04/05 v1.1m UTF-8 support for inputenc
Now handling font encoding OML ...
... no UTF-8 mapping file for font encoding OML
Now handling font encoding T1 ...
... processing UTF-8 mapping file for font encoding T1

(/usr/share/texmf-texlive/tex/latex/base/t1enc.dfu
File: t1enc.dfu 2008/04/05 v1.1m UTF-8 support for inputenc
   defining Unicode char U+00A1 (decimal 161)
   defining Unicode char U+00A3 (decimal 163)
   defining Unicode char U+00AB (decimal 171)
   defining Unicode char U+00BB (decimal 187)
   defining Unicode char U+00BF (decimal 191)
   defining Unicode char U+00C0 (decimal 192)
   defining Unicode char U+00C1 (decimal 193)
   defining Unicode char U+00C2 (decimal 194)
   defining Unicode char U+00C3 (decimal 195)
   defining Unicode char U+00C4 (decimal 196)
   defining Unicode char U+00C5 (decimal 197)
   defining Unicode char U+00C6 (decimal 198)
   defining Unicode char U+00C7 (decimal 199)
   defining Unicode char U+00C8 (decimal 200)
   defining Unicode char U+00C9 (decimal 201)
   defining Unicode char U+00CA (decimal 202)
   defining Unicode char U+00CB (decimal 203)
   defining Unicode char U+00CC (decimal 204)
   defining Unicode char U+00CD (decimal 205)
   defining Unicode char U+00CE (decimal 206)
   defining Unicode char U+00CF (decimal 207)
   defining Unicode char U+00D0 (decimal 208)
   defining Unicode char U+00D1 (decimal 209)
   defining Unicode char U+00D2 (decimal 210)
   defining Unicode char U+00D3 (decimal 211)
   defining Unicode char U+00D4 (decimal 212)
   defining Unicode char U+00D5 (decimal 213)
   defining Unicode char U+00D6 (decimal 214)
   defining Unicode char U+00D8 (decimal 216)
   defining Unicode char U+00D9 (decimal 217)
   defining Unicode char U+00DA (decimal 218)
   defining Unicode char U+00DB (decimal 219)
   defining Unicode char U+00DC (decimal 220)
   defining Unicode char U+00DD (decimal 221)
   defining Unicode char U+00DE (decimal 222)
   defining Unicode char U+00DF (decimal 223)
   defining Unicode char U+00E0 (decimal 224)
   defining Unicode char U+00E1 (decimal 225)
   defining Unicode char U+00E2 (decimal 226)
   defining Unicode char U+00E3 (decimal 227)
   defining Unicode char U+00E4 (decimal 228)
   defining Unicode char U+00E5 (decimal 229)
   defining Unicode char U+00E6 (decimal 230)
   defining Unicode char U+00E7 (decimal 231)
   defining Unicode char U+00E8 (decimal 232)
   defining Unicode char U+00E9 (decimal 233)
   defining Unicode char U+00EA (decimal 234)
   defining Unicode char U+00EB (decimal 235)
   defining Unicode char U+00EC (decimal 236)
   defining Unicode char U+00ED (decimal 237)
   defining Unicode char U+00EE (decimal 238)
   defining Unicode char U+00EF (decimal 239)
   defining Unicode char U+00F0 (decimal 240)
   defining Unicode char U+00F1 (decimal 241)
   defining Unicode char U+00F2 (decimal 242)
   defining Unicode char U+00F3 (decimal 243)
   defining Unicode char U+00F4 (decimal 244)
   defining Unicode char U+00F5 (decimal 245)
   defining Unicode char U+00F6 (decimal 246)
   defining Unicode char U+00F8 (decimal 248)
   defining Unicode char U+00F9 (decimal 249)
   defining Unicode char U+00FA (decimal 250)
   defining Unicode char U+00FB (decimal 251)
   defining Unicode char U+00FC (decimal 252)
   defining Unicode char U+00FD (decimal 253)
   defining Unicode char U+00FE (decimal 254)
   defining Unicode char U+00FF (decimal 255)
   defining Unicode char U+0102 (decimal 258)
   defining Unicode char U+0103 (decimal 259)
   defining Unicode char U+0104 (decimal 260)
   defining Unicode char U+0105 (decimal 261)
   defining Unicode char U+0106 (decimal 262)
   defining Unicode char U+0107 (decimal 263)
   defining Unicode char U+010C (decimal 268)
   defining Unicode char U+010D (decimal 269)
   defining Unicode char U+010E (decimal 270)
   defining Unicode char U+010F (decimal 271)
   defining Unicode char U+0110 (decimal 272)
   defining Unicode char U+0111 (decimal 273)
   defining Unicode char U+0118 (decimal 280)
   defining Unicode char U+0119 (decimal 281)
   defining Unicode char U+011A (decimal 282)
   defining Unicode char U+011B (decimal 283)
   defining Unicode char U+011E (decimal 286)
   defining Unicode char U+011F (decimal 287)
   defining Unicode char U+0130 (decimal 304)
   defining Unicode char U+0131 (decimal 305)
   defining Unicode char U+0132 (decimal 306)
   defining Unicode char U+0133 (decimal 307)
   defining Unicode char U+0139 (decimal 313)
   defining Unicode char U+013A (decimal 314)
   defining Unicode char U+013D (decimal 317)
   defining Unicode char U+013E (decimal 318)
   defining Unicode char U+0141 (decimal 321)
   defining Unicode char U+0142 (decimal 322)
   defining Unicode char U+0143 (decimal 323)
   defining Unicode char U+0144 (decimal 324)
   defining Unicode char U+0147 (decimal 327)
   defining Unicode char U+0148 (decimal 328)
   defining Unicode char U+014A (decimal 330)
   defining Unicode char U+014B (decimal 331)
   defining Unicode char U+0150 (decimal 336)
   defining Unicode char U+0151 (decimal 337)
   defining Unicode char U+0152 (decimal 338)
   defining Unicode char U+0153 (decimal 339)
   defining Unicode char U+0154 (decimal 340)
   defining Unicode char U+0155 (decimal 341)
   defining Unicode char U+0158 (decimal 344)
   defining Unicode char U+0159 (decimal 345)
   defining Unicode char U+015A (decimal 346)
   defining Unicode char U+015B (decimal 347)
   defining Unicode char U+015E (decimal 350)
   defining Unicode char U+015F (decimal 351)
   defining Unicode char U+0160 (decimal 352)
   defining Unicode char U+0161 (decimal 353)
   defining Unicode char U+0162 (decimal 354)
   defining Unicode char U+0163 (decimal 355)
   defining Unicode char U+0164 (decimal 356)
   defining Unicode char U+0165 (decimal 357)
   defining Unicode char U+016E (decimal 366)
   defining Unicode char U+016F (decimal 367)
   defining Unicode char U+0170 (decimal 368)
   defining Unicode char U+0171 (decimal 369)
   defining Unicode char U+0178 (decimal 376)
   defining Unicode char U+0179 (decimal 377)
   defining Unicode char U+017A (decimal 378)
   defining Unicode char U+017B (decimal 379)
   defining Unicode char U+017C (decimal 380)
   defining Unicode char U+017D (decimal 381)
   defining Unicode char U+017E (decimal 382)
   defining Unicode char U+200C (decimal 8204)
   defining Unicode char U+2013 (decimal 8211)
   defining Unicode char U+2014 (decimal 8212)
   defining Unicode char U+2018 (decimal 8216)
   defining Unicode char U+2019 (decimal 8217)
   defining Unicode char U+201A (decimal 8218)
   defining Unicode char U+201C (decimal 8220)
   defining Unicode char U+201D (decimal 8221)
   defining Unicode char U+201E (decimal 8222)
   defining Unicode char U+2030 (decimal 8240)
   defining Unicode char U+2031 (decimal 8241)
   defining Unicode char U+2039 (decimal 8249)
   defining Unicode char U+203A (decimal 8250)
   defining Unicode char U+2423 (decimal 9251)
)
Now handling font encoding OT1 ...
... processing UTF-8 mapping file for font encoding OT1

(/usr/share/texmf-texlive/tex/latex/base/ot1enc.dfu
File: ot1enc.dfu 2008/04/05 v1.1m UTF-8 support for inputenc
   defining Unicode char U+00A1 (decimal 161)
   defining Unicode char U+00A3 (decimal 163)
   defining Unicode char U+00B8 (decimal 184)
   defining Unicode char U+00BF (decimal 191)
   defining Unicode char U+00C5 (decimal 197)
   defining Unicode char U+00C6 (decimal 198)
   defining Unicode char U+00D8 (decimal 216)
   defining Unicode char U+00DF (decimal 223)
   defining Unicode char U+00E6 (decimal 230)
   defining Unicode char U+00EC (decimal 236)
   defining Unicode char U+00ED (decimal 237)
   defining Unicode char U+00EE (decimal 238)
   defining Unicode char U+00EF (decimal 239)
   defining Unicode char U+00F8 (decimal 248)
   defining Unicode char U+0131 (decimal 305)
   defining Unicode char U+0141 (decimal 321)
   defining Unicode char U+0142 (decimal 322)
   defining Unicode char U+0152 (decimal 338)
   defining Unicode char U+0153 (decimal 339)
   defining Unicode char U+2013 (decimal 8211)
   defining Unicode char U+2014 (decimal 8212)
   defining Unicode char U+2018 (decimal 8216)
   defining Unicode char U+2019 (decimal 8217)
   defining Unicode char U+201C (decimal 8220)
   defining Unicode char U+201D (decimal 8221)
)
Now handling font encoding OMS ...
... processing UTF-8 mapping file for font encoding OMS

(/usr/share/texmf-texlive/tex/latex/base/omsenc.dfu
File: omsenc.dfu 2008/04/05 v1.1m UTF-8 support for inputenc
   defining Unicode char U+00A7 (decimal 167)
   defining Unicode char U+00B6 (decimal 182)
   defining Unicode char U+00B7 (decimal 183)
   defining Unicode char U+2020 (decimal 8224)
   defining Unicode char U+2021 (decimal 8225)
   defining Unicode char U+2022 (decimal 8226)
)
Now handling font encoding OMX ...
... no UTF-8 mapping file for font encoding OMX
Now handling font encoding U ...
... no UTF-8 mapping file for font encoding U
   defining Unicode char U+00A9 (decimal 169)
   defining Unicode char U+00AA (decimal 170)
   defining Unicode char U+00AE (decimal 174)
   defining Unicode char U+00BA (decimal 186)
   defining Unicode char U+02C6 (decimal 710)
   defining Unicode char U+02DC (decimal 732)
   defining Unicode char U+200C (decimal 8204)
   defining Unicode char U+2026 (decimal 8230)
   defining Unicode char U+2122 (decimal 8482)
   defining Unicode char U+2423 (decimal 9251)
))
(/usr/share/texmf-texlive/tex/latex/float/float.sty
Package: float 2001/11/08 v1.3d Float enhancements (AL)
\c@float@type=\count87
\float@exts=\toks16
\float@box=\box26
\@float@everytoks=\toks17
\@floatcapt=\box27
)
(/usr/share/texmf-texlive/tex/latex/graphics/graphicx.sty
Package: graphicx 1999/02/16 v1.0f Enhanced LaTeX Graphics (DPC,SPQR)

(/usr/share/texmf-texlive/tex/latex/graphics/keyval.sty
Package: keyval 1999/03/16 v1.13 key=value parser (DPC)
\KV@toks@=\toks18
)
(/usr/share/texmf-texlive/tex/latex/graphics/graphics.sty
Package: graphics 2009/02/05 v1.0o Standard LaTeX Graphics (DPC,SPQR)

(/usr/share/texmf-texlive/tex/latex/graphics/trig.sty
Package: trig 1999/03/16 v1.09 sin cos tan (DPC)
)
(/etc/texmf/tex/latex/config/graphics.cfg
File: graphics.cfg 2009/08/28 v1.8 graphics configuration of TeX Live
)
Package graphics Info: Driver file: pdftex.def on input line 91.

(/usr/share/texmf-texlive/tex/latex/pdftex-def/pdftex.def
File: pdftex.def 2010/03/12 v0.04p Graphics/color for pdfTeX
\Gread@gobject=\count88
))
\Gin@req@height=\dimen103
\Gin@req@width=\dimen104
)
(/usr/share/texmf-texlive/tex/latex/tools/longtable.sty
Package: longtable 2004/02/01 v4.11 Multi-page Table package (DPC)
\LTleft=\skip43
\LTright=\skip44
\LTpre=\skip45
\LTpost=\skip46
\LTchunksize=\count89
\LTcapwidth=\dimen105
\LT@head=\box28
\LT@firsthead=\box29
\LT@foot=\box30
\LT@lastfoot=\box31
\LT@cols=\count90
\LT@rows=\count91
\c@LT@tables=\count92
\c@LT@chunks=\count93
\LT@p@ftn=\toks19
)
(/usr/share/texmf-texlive/tex/latex/caption/ltcaption.sty
Package: ltcaption 2008/03/28 v1.2 longtable captions (AR)
\LTcapskip=\skip47
\LTcapleft=\skip48
\LTcapright=\skip49
)
(/usr/share/texmf-texlive/tex/latex/tools/array.sty
Package: array 2008/09/09 v2.4c Tabular extension package (FMi)
\col@sep=\dimen106
\extrarowheight=\dimen107
\NC@list=\toks20
\extratabsurround=\skip50
\backup@length=\skip51
)
\DUtablewidth=\skip52
 (./stylesheet.tex
(/usr/share/texmf-texlive/tex/latex/preprint/fullpage.sty
Package: fullpage 1999/02/23 1.1 (PWD)
\FP@margin=\skip53
)
(/usr/share/texmf-texlive/tex/latex/setspace/setspace.sty
Package: setspace 2000/12/01 6.7 Contributed and Supported LaTeX2e package

Package: `setspace' 6.7 <2000/12/01>
) (/usr/share/texmf-texlive/tex/latex/base/fontenc.sty
Package: fontenc 2005/09/27 v1.99g Standard LaTeX package

(/usr/share/texmf-texlive/tex/latex/base/t1enc.def
File: t1enc.def 2005/09/27 v1.99g Standard LaTeX file
LaTeX Font Info:    Redeclaring font encoding T1 on input line 43.
))
(/usr/share/texmf/tex/latex/lm/lmodern.sty
Package: lmodern 2009/10/30 v1.6 Latin Modern Fonts
LaTeX Font Info:    Overwriting symbol font `operators' in version `normal'
(Font)                  OT1/cmr/m/n --> OT1/lmr/m/n on input line 22.
LaTeX Font Info:    Overwriting symbol font `letters' in version `normal'
(Font)                  OML/cmm/m/it --> OML/lmm/m/it on input line 23.
LaTeX Font Info:    Overwriting symbol font `symbols' in version `normal'
(Font)                  OMS/cmsy/m/n --> OMS/lmsy/m/n on input line 24.
LaTeX Font Info:    Overwriting symbol font `largesymbols' in version `normal'
(Font)                  OMX/cmex/m/n --> OMX/lmex/m/n on input line 25.
LaTeX Font Info:    Overwriting symbol font `operators' in version `bold'
(Font)                  OT1/cmr/bx/n --> OT1/lmr/bx/n on input line 26.
LaTeX Font Info:    Overwriting symbol font `letters' in version `bold'
(Font)                  OML/cmm/b/it --> OML/lmm/b/it on input line 27.
LaTeX Font Info:    Overwriting symbol font `symbols' in version `bold'
(Font)                  OMS/cmsy/b/n --> OMS/lmsy/b/n on input line 28.
LaTeX Font Info:    Overwriting symbol font `largesymbols' in version `bold'
(Font)                  OMX/cmex/m/n --> OMX/lmex/m/n on input line 29.
LaTeX Font Info:    Overwriting math alphabet `\mathbf' in version `normal'
(Font)                  OT1/cmr/bx/n --> OT1/lmr/bx/n on input line 31.
LaTeX Font Info:    Overwriting math alphabet `\mathsf' in version `normal'
(Font)                  OT1/cmss/m/n --> OT1/lmss/m/n on input line 32.
LaTeX Font Info:    Overwriting math alphabet `\mathit' in version `normal'
(Font)                  OT1/cmr/m/it --> OT1/lmr/m/it on input line 33.
LaTeX Font Info:    Overwriting math alphabet `\mathtt' in version `normal'
(Font)                  OT1/cmtt/m/n --> OT1/lmtt/m/n on input line 34.
LaTeX Font Info:    Overwriting math alphabet `\mathbf' in version `bold'
(Font)                  OT1/cmr/bx/n --> OT1/lmr/bx/n on input line 35.
LaTeX Font Info:    Overwriting math alphabet `\mathsf' in version `bold'
(Font)                  OT1/cmss/bx/n --> OT1/lmss/bx/n on input line 36.
LaTeX Font Info:    Overwriting math alphabet `\mathit' in version `bold'
(Font)                  OT1/cmr/bx/it --> OT1/lmr/bx/it on input line 37.
LaTeX Font Info:    Overwriting math alphabet `\mathtt' in version `bold'
(Font)                  OT1/cmtt/m/n --> OT1/lmtt/m/n on input line 38.
)
(/usr/share/texmf-texlive/tex/latex/graphics/color.sty
Package: color 2005/11/14 v1.0j Standard LaTeX Color (DPC)

(/etc/texmf/tex/latex/config/color.cfg
File: color.cfg 2007/01/18 v1.5 color configuration of teTeX/TeXLive
)
Package color Info: Driver file: pdftex.def on input line 130.
))
(/usr/share/texmf-texlive/tex/latex/hyperref/hyperref.sty
Package: hyperref 2009/10/09 v6.79a Hypertext links for LaTeX

(/usr/share/texmf-texlive/tex/generic/oberdiek/ifpdf.sty
Package: ifpdf 2009/04/10 v2.0 Provides the ifpdf switch (HO)
Package ifpdf Info: pdfTeX in pdf mode detected.
)
(/usr/share/texmf-texlive/tex/generic/oberdiek/ifvtex.sty
Package: ifvtex 2008/11/04 v1.4 Switches for detecting VTeX and its modes (HO)
Package ifvtex Info: VTeX not detected.
)
(/usr/share/texmf-texlive/tex/generic/ifxetex/ifxetex.sty
Package: ifxetex 2009/01/23 v0.5 Provides ifxetex conditional
)
(/usr/share/texmf-texlive/tex/latex/oberdiek/hycolor.sty
Package: hycolor 2009/10/02 v1.5 Code for color options of hyperref/bookmark (H
O)

(/usr/share/texmf-texlive/tex/latex/oberdiek/xcolor-patch.sty
Package: xcolor-patch 2009/10/02 xcolor patch
))
\@linkdim=\dimen108
\Hy@linkcounter=\count94
\Hy@pagecounter=\count95

(/usr/share/texmf-texlive/tex/latex/hyperref/pd1enc.def
File: pd1enc.def 2009/10/09 v6.79a Hyperref: PDFDocEncoding definition (HO)
Now handling font encoding PD1 ...
... no UTF-8 mapping file for font encoding PD1
)
(/usr/share/texmf-texlive/tex/generic/oberdiek/etexcmds.sty
Package: etexcmds 2007/12/12 v1.2 Prefix for e-TeX command names (HO)

(/usr/share/texmf-texlive/tex/generic/oberdiek/infwarerr.sty
Package: infwarerr 2007/09/09 v1.2 Providing info/warning/message (HO)
)
Package etexcmds Info: Could not find \expanded.
(etexcmds)             That can mean that you are not using pdfTeX 1.50 or
(etexcmds)             that some package has redefined \expanded.
(etexcmds)             In the latter case, load this package earlier.
)
(/usr/share/texmf-texlive/tex/latex/latexconfig/hyperref.cfg
File: hyperref.cfg 2002/06/06 v1.2 hyperref configuration of TeXLive
)
(/usr/share/texmf-texlive/tex/latex/oberdiek/kvoptions.sty
Package: kvoptions 2009/08/13 v3.4 Keyval support for LaTeX options (HO)

(/usr/share/texmf-texlive/tex/generic/oberdiek/kvsetkeys.sty
Package: kvsetkeys 2009/07/30 v1.5 Key value parser with default handler suppor
t (HO)
))
Package hyperref Info: Hyper figures OFF on input line 2975.
Package hyperref Info: Link nesting OFF on input line 2980.
Package hyperref Info: Hyper index ON on input line 2983.
Package hyperref Info: Plain pages OFF on input line 2990.
Package hyperref Info: Backreferencing OFF on input line 2995.

Implicit mode ON; LaTeX internals redefined
Package hyperref Info: Bookmarks ON on input line 3191.
(/usr/share/texmf-texlive/tex/latex/ltxmisc/url.sty
\Urlmuskip=\muskip10
Package: url 2006/04/12  ver 3.3  Verb mode for urls, etc.
)
LaTeX Info: Redefining \url on input line 3428.

(/usr/share/texmf-texlive/tex/generic/oberdiek/bitset.sty
Package: bitset 2007/09/28 v1.0 Data type bit set (HO)

(/usr/share/texmf-texlive/tex/generic/oberdiek/intcalc.sty
Package: intcalc 2007/09/27 v1.1 Expandable integer calculations (HO)
)
(/usr/share/texmf-texlive/tex/generic/oberdiek/bigintcalc.sty
Package: bigintcalc 2007/11/11 v1.1 Expandable big integer calculations (HO)

(/usr/share/texmf-texlive/tex/generic/oberdiek/pdftexcmds.sty
Package: pdftexcmds 2009/09/23 v0.6 LuaTeX support for pdfTeX utility functions
 (HO)

(/usr/share/texmf-texlive/tex/generic/oberdiek/ifluatex.sty
Package: ifluatex 2009/04/17 v1.2 Provides the ifluatex switch (HO)
Package ifluatex Info: LuaTeX not detected.
)
(/usr/share/texmf-texlive/tex/generic/oberdiek/ltxcmds.sty
Package: ltxcmds 2009/08/05 v1.0 Some LaTeX kernel commands for general use (HO
)
)
Package pdftexcmds Info: LuaTeX not detected.
Package pdftexcmds Info: \pdf@primitive is available.
Package pdftexcmds Info: \pdf@ifprimitive is available.
)))
\Fld@menulength=\count96
\Field@Width=\dimen109
\Fld@charsize=\dimen110
\Field@toks=\toks21
Package hyperref Info: Hyper figures OFF on input line 4377.
Package hyperref Info: Link nesting OFF on input line 4382.
Package hyperref Info: Hyper index ON on input line 4385.
Package hyperref Info: backreferencing OFF on input line 4392.
Package hyperref Info: Link coloring OFF on input line 4397.
Package hyperref Info: Link coloring with OCG OFF on input line 4402.
Package hyperref Info: PDF/A mode OFF on input line 4407.

(/usr/share/texmf-texlive/tex/generic/oberdiek/atbegshi.sty
Package: atbegshi 2008/07/31 v1.9 At begin shipout hook (HO)
)
\Hy@abspage=\count97
\c@Item=\count98
\c@Hfootnote=\count99
)
*hyperref using driver hpdftex*
(/usr/share/texmf-texlive/tex/latex/hyperref/hpdftex.def
File: hpdftex.def 2009/10/09 v6.79a Hyperref driver for pdfTeX
\Fld@listcount=\count100
)

LaTeX Warning: Unused global option(s):
    [a4].

(./report3.aux)
\openout1 = `report3.aux'.

LaTeX Font Info:    Checking defaults for OML/cmm/m/it on input line 31.
LaTeX Font Info:    ... okay on input line 31.
LaTeX Font Info:    Checking defaults for T1/cmr/m/n on input line 31.
LaTeX Font Info:    ... okay on input line 31.
LaTeX Font Info:    Checking defaults for OT1/cmr/m/n on input line 31.
LaTeX Font Info:    ... okay on input line 31.
LaTeX Font Info:    Checking defaults for OMS/cmsy/m/n on input line 31.
LaTeX Font Info:    ... okay on input line 31.
LaTeX Font Info:    Checking defaults for OMX/cmex/m/n on input line 31.
LaTeX Font Info:    ... okay on input line 31.
LaTeX Font Info:    Checking defaults for U/cmr/m/n on input line 31.
LaTeX Font Info:    ... okay on input line 31.
LaTeX Font Info:    Checking defaults for PD1/pdf/m/n on input line 31.
LaTeX Font Info:    ... okay on input line 31.
LaTeX Font Info:    Try loading font information for T1+lmr on input line 31.
 (/usr/share/texmf/tex/latex/lm/t1lmr.fd
File: t1lmr.fd 2009/10/30 v1.6 Font defs for Latin Modern
)
(/usr/share/texmf-texlive/tex/context/base/supp-pdf.mkii
[Loading MPS to PDF converter (version 2006.09.02).]
\scratchcounter=\count101
\scratchdimen=\dimen111
\scratchbox=\box32
\nofMPsegments=\count102
\nofMParguments=\count103
\everyMPshowfont=\toks22
\MPscratchCnt=\count104
\MPscratchDim=\dimen112
\MPnumerator=\count105
\everyMPtoPDFconversion=\toks23
)
Package hyperref Info: Link coloring OFF on input line 31.
 (/usr/share/texmf-texlive/tex/latex/hyperref/nameref.sty
Package: nameref 2007/05/29 v2.31 Cross-referencing by name of section

(/usr/share/texmf-texlive/tex/latex/oberdiek/refcount.sty
Package: refcount 2008/08/11 v3.1 Data extraction from references (HO)
)
\c@section@level=\count106
)
LaTeX Info: Redefining \ref on input line 31.
LaTeX Info: Redefining \pageref on input line 31.
 (./report3.out)
(./report3.out)
\@outlinefile=\write3
\openout3 = `report3.out'.

\AtBeginShipoutBox=\box33
 [1

{/var/lib/texmf/fonts/map/pdftex/updmap/pdftex.map}]
(./report3.toc
LaTeX Font Info:    Try loading font information for OT1+lmr on input line 3.
 (/usr/share/texmf/tex/latex/lm/ot1lmr.fd
File: ot1lmr.fd 2009/10/30 v1.6 Font defs for Latin Modern
)<<ot1.cmap>>
LaTeX Font Info:    Try loading font information for OML+lmm on input line 3.

(/usr/share/texmf/tex/latex/lm/omllmm.fd
File: omllmm.fd 2009/10/30 v1.6 Font defs for Latin Modern
)<<oml.cmap>>
LaTeX Font Info:    Try loading font information for OMS+lmsy on input line 3.

(/usr/share/texmf/tex/latex/lm/omslmsy.fd
File: omslmsy.fd 2009/10/30 v1.6 Font defs for Latin Modern
)<<oms.cmap>>
LaTeX Font Info:    Try loading font information for OMX+lmex on input line 3.

(/usr/share/texmf/tex/latex/lm/omxlmex.fd
File: omxlmex.fd 2009/10/30 v1.6 Font defs for Latin Modern
)
LaTeX Font Info:    External font `lmex10' loaded for size
(Font)              <10> on input line 3.
<<omx.cmap>>
LaTeX Font Info:    External font `lmex10' loaded for size
(Font)              <7> on input line 3.
LaTeX Font Info:    External font `lmex10' loaded for size
(Font)              <5> on input line 3.
pdfTeX warning (ext4): destination with the same identifier (name{page.1}) has 
been already used, duplicate ignored
<to be read again> 
                   \relax 
l.51 ...}Portfolio.userBuyStock}{36}{section*.103}
                                                   [1] [2])
\tf@toc=\write4
\openout4 = `report3.toc'.

 [3]
Underfull \hbox (badness 10000) in paragraph at lines 89--91
[]|\T1/lmr/bx/n/9 Michal
 []


Underfull \hbox (badness 10000) in paragraph at lines 91--93
[]|\T1/lmr/bx/n/9 Cody
 []


Underfull \hbox (badness 10000) in paragraph at lines 93--95
[]|\T1/lmr/bx/n/9 Owen
 []


Underfull \hbox (badness 10000) in paragraph at lines 95--97
[]|\T1/lmr/bx/n/9 Brian
 []


Underfull \hbox (badness 10000) in paragraph at lines 95--97
\T1/lmr/bx/n/9 Good-
 []


Underfull \hbox (badness 10000) in paragraph at lines 97--99
[]|\T1/lmr/bx/n/9 Roma
 []


Underfull \hbox (badness 10000) in paragraph at lines 99--101
[]|\T1/lmr/bx/n/9 Sonu
 []


Underfull \hbox (badness 10000) in paragraph at lines 101--104
[]|\T1/lmr/bx/n/9 Avanti
 []


Underfull \hbox (badness 10000) in paragraph at lines 101--104
\T1/lmr/bx/n/9 Kulka-
 []


Overfull \hbox (2.3531pt too wide) in alignment at lines 85--105
 [] [] [] [] [] [] [] [] 
 []


Underfull \hbox (badness 10000) in paragraph at lines 109--111
[]|\T1/lmr/bx/n/9 Michal
 []


Underfull \hbox (badness 10000) in paragraph at lines 111--113
[]|\T1/lmr/bx/n/9 Cody
 []


Underfull \hbox (badness 10000) in paragraph at lines 113--115
[]|\T1/lmr/bx/n/9 Owen
 []


Underfull \hbox (badness 10000) in paragraph at lines 115--117
[]|\T1/lmr/bx/n/9 Brian
 []


Underfull \hbox (badness 10000) in paragraph at lines 115--117
\T1/lmr/bx/n/9 Good-
 []


Underfull \hbox (badness 10000) in paragraph at lines 117--119
[]|\T1/lmr/bx/n/9 Roma
 []


Underfull \hbox (badness 10000) in paragraph at lines 119--121
[]|\T1/lmr/bx/n/9 Sonu
 []


Underfull \hbox (badness 10000) in paragraph at lines 121--124
[]|\T1/lmr/bx/n/9 Avanti
 []


Underfull \hbox (badness 10000) in paragraph at lines 121--124
\T1/lmr/bx/n/9 Kulka-
 []


Overfull \hbox (2.3531pt too wide) in alignment at lines 105--125
 [] [] [] [] [] [] [] [] 
 []


Overfull \hbox (2.3531pt too wide) in alignment at lines 125--127
 [] [] [] [] [] [] [] [] 
 []


Overfull \hbox (2.3531pt too wide) in alignment at lines 127--128
 [] [] [] [] [] [] [] [] 
 []


Overfull \hbox (2.3531pt too wide) in alignment at lines 128--274
 [] [] [] [] [] [] [] [] 
 []


Overfull \hbox (2.3531pt too wide) in alignment at lines 274--275
 [] [] [] [] [] [] [] [] 
 []

LaTeX Font Info:    Try loading font information for T1+lmtt on input line 326.

(/usr/share/texmf/tex/latex/lm/t1lmtt.fd
File: t1lmtt.fd 2009/10/30 v1.6 Font defs for Latin Modern
) [4]
\c@listcnt0=\count107

Overfull \hbox (32.61978pt too wide) in paragraph at lines 382--384
[]\T1/lmr/m/n/10 Group to-gether a set of dis-joint cases, sim-i-lar to an enum
 [][ADTs][] (ex-am-ple web-site/view/StockSeller.scala
 []

[5]
Overfull \hbox (40.1341pt too wide) in paragraph at lines 539--546
\T1/lmr/m/n/10 ref_782), \T1/lmtt/m/n/10 PortfolioWithStocks \T1/lmr/m/n/10 (mo
del/stocks.scala ref_569), \T1/lmtt/m/n/10 PortfolioWithDerivatives \T1/lmr/m/n
/10 (model/derivatives.scala
 []

LaTeX Font Info:    Try loading font information for OMS+lmr on input line 570.

(/usr/share/texmf/tex/latex/lm/omslmr.fd
File: omslmr.fd 2009/10/30 v1.6 Font defs for Latin Modern
)
LaTeX Font Info:    Font shape `OMS/lmr/m/n' in size <10> not available
(Font)              Font shape `OMS/lmsy/m/n' tried instead on input line 570.
 [6]
<figures/architecture/buy-form.png, id=760, 282.05376pt x 69.25874pt>
File: figures/architecture/buy-form.png Graphic file (type png)

<use figures/architecture/buy-form.png> [7]
<figures/architecture/form-submission.pdf, id=774, 638.385pt x 398.48875pt>
File: figures/architecture/form-submission.pdf Graphic file (type pdf)

<use figures/architecture/form-submission.pdf>
Overfull \hbox (58.62054pt too wide) in paragraph at lines 731--735
 []\T1/lmr/bx/n/10 4.2.1.2   When Lift gets an HTTP POST[][] \T1/lmr/m/n/10 Pit
-Fail is cur-rently us-ing jQuery to sub-mit forms (website/html/templates-
 []

[8 <./figures/architecture/buy-form.png (PNG copy)> <./figures/architecture/for
m-submission.pdf (PNG copy)>]
<figures/architecture/input-errors.pdf, id=791, 435.6275pt x 430.60875pt>
File: figures/architecture/input-errors.pdf Graphic file (type pdf)

<use figures/architecture/input-errors.pdf> [9]
<figures/domain/original-domain.pdf, id=803, 542.025pt x 381.425pt>
File: figures/domain/original-domain.pdf Graphic file (type pdf)

<use figures/domain/original-domain.pdf> [10 <./figures/architecture/input-erro
rs.pdf (PNG copy)>] [11 <./figures/domain/original-domain.pdf>]
<figures/domain/user-example.png, id=824, 733.74126pt x 442.65375pt>
File: figures/domain/user-example.png Graphic file (type png)

<use figures/domain/user-example.png>
<figures/domain/users.png, id=825, 200.75pt x 200.75pt>
File: figures/domain/users.png Graphic file (type png)

<use figures/domain/users.png> [12 <./figures/domain/user-example.png (PNG copy
)>] <figures/domain/users2.png, id=831, 824.07875pt x 434.62375pt>
File: figures/domain/users2.png Graphic file (type png)

<use figures/domain/users2.png> [13 <./figures/domain/users.png (PNG copy)>]
<figures/domain/association.png, id=837, 484.81125pt x 247.92625pt>
File: figures/domain/association.png Graphic file (type png)

<use figures/domain/association.png> [14 <./figures/domain/users2.png (PNG copy
)> <./figures/domain/association.png (PNG copy)>]
<figures/domain/assets.png, id=842, 768.8725pt x 818.05624pt>
File: figures/domain/assets.png Graphic file (type png)

<use figures/domain/assets.png> [15 <./figures/domain/assets.png (PNG copy)>]
<figures/domain/scale.png, id=851, 490.83376pt x 228.855pt>
File: figures/domain/scale.png Graphic file (type png)

<use figures/domain/scale.png> [16 <./figures/domain/scale.png (PNG copy)>]
File: figures/domain/scale.png Graphic file (type png)

<use figures/domain/scale.png>
<figures/domain/trading.png, id=868, 836.12375pt x 504.88625pt>
File: figures/domain/trading.png Graphic file (type png)

<use figures/domain/trading.png> [17]
<figures/domain/available1.png, id=882, 211.79124pt x 378.41376pt>
File: figures/domain/available1.png Graphic file (type png)

<use figures/domain/available1.png> [18 <./figures/domain/trading.png (PNG copy
)>]
Overfull \vbox (134.98676pt too high) has occurred while \output is active []


[19 <./figures/domain/available1.png (PNG copy)>]
<figures/domain/execution.png, id=896, 1032.85875pt x 412.54124pt>
File: figures/domain/execution.png Graphic file (type png)

<use figures/domain/execution.png>
<figures/domain/trading2.png, id=898, 931.48pt x 558.085pt>
File: figures/domain/trading2.png Graphic file (type png)

<use figures/domain/trading2.png> [20 <./figures/domain/execution.png (PNG copy
)>] <figures/domain/trading3.png, id=906, 667.49374pt x 770.88pt>
File: figures/domain/trading3.png Graphic file (type png)

<use figures/domain/trading3.png> [21 <./figures/domain/trading2.png (PNG copy)
>] <figures/domain/trading4.png, id=911, 824.07875pt x 646.415pt>
File: figures/domain/trading4.png Graphic file (type png)

<use figures/domain/trading4.png> [22 <./figures/domain/trading3.png (PNG copy)
>] <figures/domain/dividends1.png, id=916, 478.78876pt x 465.74pt>
File: figures/domain/dividends1.png Graphic file (type png)

<use figures/domain/dividends1.png> [23 <./figures/domain/trading4.png (PNG cop
y)>] <figures/domain/news1.png, id=924, 604.2575pt x 444.66125pt>
File: figures/domain/news1.png Graphic file (type png)

<use figures/domain/news1.png> [24 <./figures/domain/dividends1.png (PNG copy)>
] <figures/domain/news2.png, id=931, 570.13pt x 585.18625pt>
File: figures/domain/news2.png Graphic file (type png)

<use figures/domain/news2.png> [25 <./figures/domain/news1.png (PNG copy)>]
<figures/domain/news3.png, id=936, 871.255pt x 517.935pt>
File: figures/domain/news3.png Graphic file (type png)

<use figures/domain/news3.png> [26 <./figures/domain/news2.png (PNG copy)>]
<figures/domain/news4.png, id=941, 343.2825pt x 241.90375pt>
File: figures/domain/news4.png Graphic file (type png)

<use figures/domain/news4.png> [27 <./figures/domain/news3.png (PNG copy)> <./f
igures/domain/news4.png (PNG copy)>]
<figures/domain/voting1.png, id=946, 600.2425pt x 302.12875pt>
File: figures/domain/voting1.png Graphic file (type png)

<use figures/domain/voting1.png>
<figures/domain/voting2.png, id=947, 747.79375pt x 556.0775pt>
File: figures/domain/voting2.png Graphic file (type png)

<use figures/domain/voting2.png> [28 <./figures/domain/voting1.png (PNG copy)>]
<figures/domain/voting3.png, id=953, 846.16125pt x 354.32375pt>
File: figures/domain/voting3.png Graphic file (type png)

<use figures/domain/voting3.png> [29 <./figures/domain/voting2.png (PNG copy)> 
<./figures/domain/voting3.png (PNG copy)>]
<figures/domain/voting4.png, id=959, 1240.635pt x 641.39626pt>
File: figures/domain/voting4.png Graphic file (type png)

<use figures/domain/voting4.png>
<figures/domain/voting5.png, id=960, 1296.845pt x 641.39626pt>
File: figures/domain/voting5.png Graphic file (type png)

<use figures/domain/voting5.png>
<figures/domain/voting6.png, id=961, 601.24625pt x 307.1475pt>
File: figures/domain/voting6.png Graphic file (type png)

<use figures/domain/voting6.png> [30 <./figures/domain/voting4.png (PNG copy)> 
<./figures/domain/voting5.png (PNG copy)>]
<figures/domain/comments1.png, id=967, 429.605pt x 209.78375pt>
File: figures/domain/comments1.png Graphic file (type png)

<use figures/domain/comments1.png>
<figures/domain/auto1.png, id=968, 327.2225pt x 74.2775pt>
File: figures/domain/auto1.png Graphic file (type png)

<use figures/domain/auto1.png> [31 <./figures/domain/voting6.png (PNG copy)> <.
/figures/domain/comments1.png (PNG copy)>]
<figures/domain/auto2.png, id=975, 411.5375pt x 308.15125pt>
File: figures/domain/auto2.png Graphic file (type png)

<use figures/domain/auto2.png>
LaTeX Font Info:    Font shape `T1/lmtt/bx/n' in size <10> not available
(Font)              Font shape `T1/lmtt/b/n' tried instead on input line 1528.

<figures/interactions/allStockHoldings.pdf, id=976, 234.8775pt x 166.6225pt>
File: figures/interactions/allStockHoldings.pdf Graphic file (type pdf)

<use figures/interactions/allStockHoldings.pdf> [32 <./figures/domain/auto1.png
 (PNG copy)> <./figures/domain/auto2.png (PNG copy)>]
<figures/interactions/myStockAssets.pdf, id=985, 211.79124pt x 166.6225pt>
File: figures/interactions/myStockAssets.pdf Graphic file (type pdf)

<use figures/interactions/myStockAssets.pdf> [33 <./figures/interactions/allSto
ckHoldings.pdf (PNG copy)>]
<figures/interactions/haveTicker.pdf, id=991, 266.9975pt x 268.00125pt>
File: figures/interactions/haveTicker.pdf Graphic file (type pdf)

<use figures/interactions/haveTicker.pdf> [34 <./figures/interactions/myStockAs
sets.pdf (PNG copy)>]
<figures/interactions/howManyShares.pdf, id=997, 290.08376pt x 166.6225pt>
File: figures/interactions/howManyShares.pdf Graphic file (type pdf)

<use figures/interactions/howManyShares.pdf> [35 <./figures/interactions/haveTi
cker.pdf (PNG copy)>]
<figures/interactions/howManyDollars.pdf, id=1003, 290.08376pt x 166.6225pt>
File: figures/interactions/howManyDollars.pdf Graphic file (type pdf)

<use figures/interactions/howManyDollars.pdf>
<figures/interactions/userBuyStock.pdf, id=1004, 830.10126pt x 718.685pt>
File: figures/interactions/userBuyStock.pdf Graphic file (type pdf)

<use figures/interactions/userBuyStock.pdf> [36 <./figures/interactions/howMany
Shares.pdf (PNG copy)> <./figures/interactions/howManyDollars.pdf (PNG copy)>]
<figures/interactions/userSellStock.pdf, id=1012, 713.66624pt x 411.5375pt>
File: figures/interactions/userSellStock.pdf Graphic file (type pdf)

<use figures/interactions/userSellStock.pdf> [37 <./figures/interactions/userBu
yStock.pdf (PNG copy)>]
<figures/interactions/userSellAll.pdf, id=1018, 390.45876pt x 222.8325pt>
File: figures/interactions/userSellAll.pdf Graphic file (type pdf)

<use figures/interactions/userSellAll.pdf>
<figures/interactions/userMakeBuyLimitOrder.pdf, id=1019, 990.70125pt x 433.62p
t>
File: figures/interactions/userMakeBuyLimitOrder.pdf Graphic file (type pdf)
 <use figures/interactions/userMakeBuyLimitOrder.pdf> [38 <./figures/interactio
ns/userSellStock.pdf (PNG copy)> <./figures/interactions/userSellAll.pdf (PNG c
opy)>]
<figures/interactions/userMakeSellLimitOrder.pdf, id=1026, 1086.0575pt x 419.56
75pt>
File: figures/interactions/userMakeSellLimitOrder.pdf Graphic file (type pdf)
 <use figures/interactions/userMakeSellLimitOrder.pdf>
<figures/interactions/myBuyLimitOrders.pdf, id=1027, 226.8475pt x 166.6225pt>
File: figures/interactions/myBuyLimitOrders.pdf Graphic file (type pdf)

<use figures/interactions/myBuyLimitOrders.pdf> [39 <./figures/interactions/use
rMakeBuyLimitOrder.pdf (PNG copy)> <./figures/interactions/userMakeSellLimitOrd
er.pdf (PNG copy)>]
<figures/interactions/mySellLimitOrders.pdf, id=1034, 225.84375pt x 166.6225pt>
File: figures/interactions/mySellLimitOrders.pdf Graphic file (type pdf)
<use figures/interactions/mySellLimitOrders.pdf> [40 <./figures/interactions/my
BuyLimitOrders.pdf (PNG copy)>]
<figures/interactions/margin.pdf, id=1040, 214.8025pt x 208.78pt>
File: figures/interactions/margin.pdf Graphic file (type pdf)

<use figures/interactions/margin.pdf> [41 <./figures/interactions/mySellLimitOr
ders.pdf (PNG copy)>] [42 <./figures/interactions/margin.pdf (PNG copy)>]
<figures/interactions/myDerivativeAssets.pdf, id=1057, 236.885pt x 166.6225pt>
File: figures/interactions/myDerivativeAssets.pdf Graphic file (type pdf)

<use figures/interactions/myDerivativeAssets.pdf> [43]
<figures/interactions/myDerivativeLiabilities.pdf, id=1068, 249.93375pt x 166.6
225pt>
File: figures/interactions/myDerivativeLiabilities.pdf Graphic file (type pdf)
 <use figures/interactions/myDerivativeLiabilities.pdf> [44 <./figures/interact
ions/myDerivativeAssets.pdf (PNG copy)>]
<figures/interactions/myDerivativeOffers.pdf, id=1074, 231.86626pt x 166.6225pt
>
File: figures/interactions/myDerivativeOffers.pdf Graphic file (type pdf)
 <use figures/interactions/myDerivativeOffers.pdf> [45 <./figures/interactions/
myDerivativeLiabilities.pdf (PNG copy)>]
<figures/interactions/userOfferDerivativeTo.pdf, id=1080, 713.66624pt x 210.787
5pt>
File: figures/interactions/userOfferDerivativeTo.pdf Graphic file (type pdf)
 <use figures/interactions/userOfferDerivativeTo.pdf>
<figures/interactions/userOfferDerivativeAtAuction.pdf, id=1081, 778.91pt x 210
.7875pt>
File: figures/interactions/userOfferDerivativeAtAuction.pdf Graphic file (type 
pdf)
 <use figures/interactions/userOfferDerivativeAtAuction.pdf> [46 <./figures/int
eractions/myDerivativeOffers.pdf (PNG copy)> <./figures/interactions/userOfferD
erivativeTo.pdf (PNG copy)>]
<figures/interactions/userAcceptOffer.pdf, id=1088, 948.54375pt x 334.24875pt>
File: figures/interactions/userAcceptOffer.pdf Graphic file (type pdf)

<use figures/interactions/userAcceptOffer.pdf>
<figures/interactions/userDeclineOffer.pdf, id=1089, 492.84125pt x 210.7875pt>
File: figures/interactions/userDeclineOffer.pdf Graphic file (type pdf)

<use figures/interactions/userDeclineOffer.pdf>
<figures/interactions/userExecuteManually.pdf, id=1090, 481.8pt x 391.4625pt>
File: figures/interactions/userExecuteManually.pdf Graphic file (type pdf)

<use figures/interactions/userExecuteManually.pdf> [47 <./figures/interactions/
userOfferDerivativeAtAuction.pdf (PNG copy)> <./figures/interactions/userAccept
Offer.pdf (PNG copy)> <./figures/interactions/userDeclineOffer.pdf (PNG copy)>]

<figures/interactions/systemExecuteOnSchedule.pdf, id=1098, 642.4pt x 364.36125
pt>
File: figures/interactions/systemExecuteOnSchedule.pdf Graphic file (type pdf)
 <use figures/interactions/systemExecuteOnSchedule.pdf>
Overfull \hbox (51.41403pt too wide) in paragraph at lines 1938--1942
\T1/lmr/m/n/10 Executes a deriva-tive on its sched-uled ex-er-cise date, pro-vi
ded that the con-tracted con-di-tion holds (model/derivatives.scala
 []

[48 <./figures/interactions/userExecuteManually.pdf (PNG copy)>]
<figures/interactions/spotValue.pdf, id=1105, 204.765pt x 166.6225pt>
File: figures/interactions/spotValue.pdf Graphic file (type pdf)

<use figures/interactions/spotValue.pdf> [49 <./figures/interactions/systemExec
uteOnSchedule.pdf (PNG copy)>]
<figures/interactions/systemCheckForDividends.pdf, id=1111, 817.0525pt x 342.27
875pt>
File: figures/interactions/systemCheckForDividends.pdf Graphic file (type pdf)
 <use figures/interactions/systemCheckForDividends.pdf>
<figures/interactions/myDividendPayments.pdf, id=1112, 246.9225pt x 166.6225pt>
File: figures/interactions/myDividendPayments.pdf Graphic file (type pdf)
<use figures/interactions/myDividendPayments.pdf> [50 <./figures/interactions/s
potValue.pdf (PNG copy)> <./figures/interactions/systemCheckForDividends.pdf (P
NG copy)>]
<figures/interactions/userVoteUp.pdf, id=1119, 889.3225pt x 235.88126pt>
File: figures/interactions/userVoteUp.pdf Graphic file (type pdf)

<use figures/interactions/userVoteUp.pdf>
<figures/interactions/userVoteDown.pdf, id=1120, 888.31876pt x 235.88126pt>
File: figures/interactions/userVoteDown.pdf Graphic file (type pdf)

<use figures/interactions/userVoteDown.pdf> [51 <./figures/interactions/myDivid
endPayments.pdf (PNG copy)> <./figures/interactions/userVoteUp.pdf (PNG copy)>]
<figures/interactions/buyerVotes.pdf, id=1129, 270.00874pt x 166.6225pt>
File: figures/interactions/buyerVotes.pdf Graphic file (type pdf)

<use figures/interactions/buyerVotes.pdf>
<figures/interactions/sellerVotes.pdf, id=1130, 269.005pt x 166.6225pt>
File: figures/interactions/sellerVotes.pdf Graphic file (type pdf)

<use figures/interactions/sellerVotes.pdf> [52 <./figures/interactions/userVote
Down.pdf (PNG copy)> <./figures/interactions/buyerVotes.pdf (PNG copy)>]
<figures/interactions/userPostComment.pdf, id=1137, 520.94624pt x 166.6225pt>
File: figures/interactions/userPostComment.pdf Graphic file (type pdf)

<use figures/interactions/userPostComment.pdf>
<figures/interactions/comments.pdf, id=1138, 240.9pt x 166.6225pt>
File: figures/interactions/comments.pdf Graphic file (type pdf)

<use figures/interactions/comments.pdf> [53 <./figures/interactions/sellerVotes
.pdf (PNG copy)> <./figures/interactions/userPostComment.pdf (PNG copy)>]
<figures/interactions/auto1.png, id=1146, 761.84625pt x 786.94pt>
File: figures/interactions/auto1.png Graphic file (type png)

<use figures/interactions/auto1.png> [54 <./figures/interactions/comments.pdf (
PNG copy)>] [55 <./figures/interactions/auto1.png (PNG copy)>]
Overfull \hbox (43.85657pt too wide) in paragraph at lines 2164--2166
[]\T1/lmr/m/n/10 The server re-ceives the AJAX re-quest and per-forms the op-er
-a-tion (buy-ing a stock) (web-site/jsapi/jsapi.scala
 []


<figures/interactions/userMakeNewAutoTrade.pdf, id=1164, 262.9825pt x 139.52126
pt>
File: figures/interactions/userMakeNewAutoTrade.pdf Graphic file (type pdf)
 <use figures/interactions/userMakeNewAutoTrade.pdf>
<figures/interactions/userModify.pdf, id=1165, 330.23375pt x 181.67876pt>
File: figures/interactions/userModify.pdf Graphic file (type pdf)

<use figures/interactions/userModify.pdf> [56 <./figures/interactions/userMakeN
ewAutoTrade.pdf (PNG copy)>]
<figures/interactions/userDelete.pdf, id=1178, 187.70125pt x 181.67876pt>
File: figures/interactions/userDelete.pdf Graphic file (type pdf)

<use figures/interactions/userDelete.pdf> [57 <./figures/interactions/userModif
y.pdf (PNG copy)>]
<figures/interactions/myAutoTrades.pdf, id=1184, 199.74625pt x 166.6225pt>
File: figures/interactions/myAutoTrades.pdf Graphic file (type pdf)

<use figures/interactions/myAutoTrades.pdf> [58 <./figures/interactions/userDel
ete.pdf (PNG copy)>]
<figures/interactions/report.pdf, id=1190, 274.02374pt x 166.6225pt>
File: figures/interactions/report.pdf Graphic file (type pdf)

<use figures/interactions/report.pdf> [59 <./figures/interactions/myAutoTrades.
pdf (PNG copy)>]
File: figures/interactions/userOfferDerivativeAtAuction.pdf Graphic file (type 
pdf)
 <use figures/interactions/userOfferDerivativeAtAuction.pdf>
<figures/interactions/userCastBid.pdf, id=1198, 335.2525pt x 210.7875pt>
File: figures/interactions/userCastBid.pdf Graphic file (type pdf)

<use figures/interactions/userCastBid.pdf> [60 <./figures/interactions/report.p
df (PNG copy)>]
<figures/interactions/highBid.pdf, id=1207, 237.88875pt x 268.00125pt>
File: figures/interactions/highBid.pdf Graphic file (type pdf)

<use figures/interactions/highBid.pdf> [61 <./figures/interactions/userCastBid.
pdf (PNG copy)>]
<figures/interactions/userClose.pdf, id=1213, 479.7925pt x 384.43625pt>
File: figures/interactions/userClose.pdf Graphic file (type pdf)

<use figures/interactions/userClose.pdf> [62 <./figures/interactions/highBid.pd
f (PNG copy)>]

LaTeX Warning: Hyper reference `id57' on page 63 undefined on input line 2393.

[63 <./figures/interactions/userClose.pdf (PNG copy)>] [64]
Overfull \hbox (57.99365pt too wide) in paragraph at lines 2552--2553
\T1/lmtt/m/n/10 case class Point extends java.lang.Object with ScalaObject with
 Product with Serializable {  
 []


Overfull \hbox (5.4938pt too wide) in paragraph at lines 2555--2555
[]    \T1/lmtt/m/n/10 <stable> <caseaccessor> <accessor> <paramaccessor> def x:
 Int = Point.this.x;  
 []


Overfull \hbox (5.4938pt too wide) in paragraph at lines 2557--2557
[]    \T1/lmtt/m/n/10 <stable> <caseaccessor> <accessor> <paramaccessor> def y:
 Int = Point.this.y;  
 []

[65] [66] [67] [68] [69]
Overfull \hbox (53.99303pt too wide) in paragraph at lines 2984--2986
[]\T1/lmr/m/n/10 Considering these fac-tors, we wrote our HTML us-ing Scala's X
ML lit-er-als (ex-am-ple web-site/view/DividendChart.scala
 []

[70] [71] [72

] [73]
Overfull \hbox (102.4933pt too wide) in paragraph at lines 3446--3448
[][]\T1/lmr/m/n/10 [ADTs] []$\T1/lmtt/m/n/10 http : / / gleichmann . wordpress 
. com / 2011 / 02 / 05 / functional-[]scala-[]algebraic-[]datatypes-[]sum-[]and
-[]product-[]types/$[] 
 []

[74] [75] [76] [77]
Overfull \hbox (131.60434pt too wide) in paragraph at lines 3525--3527
[][]\T1/lmr/m/n/10 [Loop] []$\T1/lmtt/m/n/10 http : / / stackoverflow . com / q
uestions / 5024148 / how-[]to-[]iterate-[]through-[]a-[]heterogeneous-[]recursi
ve-[]value-[]in-[]haskell$[] 
 []

[78]
Underfull \hbox (badness 10000) in paragraph at lines 3548--3550
[][]\T1/lmr/m/n/10 [Option2] []$\T1/lmtt/m/n/10 http : / / james-[]iry . blogsp
ot . com / 2010 / 08 / why-[]scalas-[]and-[]haskells-[]types-[]will-[]save .
 []

[79]
Underfull \hbox (badness 10000) in paragraph at lines 3571--3573
[][]\T1/lmr/m/n/10 [Squeryl2] []$\T1/lmtt/m/n/10 https : / / github . com / max
-[]l / Squeryl / blob / master / src / main / scala / org / squeryl /
 []

[80] (./report3.aux)

LaTeX Warning: There were undefined references.

 ) 
Here is how much of TeX's memory you used:
 6235 strings out of 495061
 94948 string characters out of 1182621
 201759 words of memory out of 3000000
 8722 multiletter control sequences out of 15000+50000
 47300 words of font info for 37 fonts, out of 3000000 for 9000
 28 hyphenation exceptions out of 8191
 38i,8n,32p,413b,450s stack positions out of 5000i,500n,10000p,200000b,50000s
pdfTeX warning (dest): name{??} has been referenced but does not exist, repla
ced by a fixed one

{/usr/share/texmf/fonts/enc/dvips/lm/lm-ec.enc}{/usr/share/texmf/fonts/enc/dvip
s/lm/lm-mathsy.enc}</usr/share/texmf/fonts/type1/public/lm/lmbx10.pfb></usr/sha
re/texmf/fonts/type1/public/lm/lmbx12.pfb></usr/share/texmf/fonts/type1/public/
lm/lmbx9.pfb></usr/share/texmf/fonts/type1/public/lm/lmr10.pfb></usr/share/texm
f/fonts/type1/public/lm/lmr12.pfb></usr/share/texmf/fonts/type1/public/lm/lmr17
.pfb></usr/share/texmf/fonts/type1/public/lm/lmr9.pfb></usr/share/texmf/fonts/t
ype1/public/lm/lmri10.pfb></usr/share/texmf/fonts/type1/public/lm/lmsy10.pfb></
usr/share/texmf/fonts/type1/public/lm/lmtk10.pfb></usr/share/texmf/fonts/type1/
public/lm/lmtt10.pfb>
Output written on report3.pdf (81 pages, 1693199 bytes).
PDF statistics:
 1577 PDF objects out of 1728 (max. 8388607)
 454 named destinations out of 1000 (max. 500000)
 1403 words of extra memory for PDF output out of 10000 (max. 10000000)

