\BOOKMARK [1][-]{table-of-contents.1}{Table of Contents}{}
\BOOKMARK [1][-]{section*.3}{1 \040 Individual Contributions}{}
\BOOKMARK [1][-]{section*.5}{2 \040 General Information}{}
\BOOKMARK [2][-]{section*.7}{2.1 \040 References to the code}{section*.5}
\BOOKMARK [2][-]{section*.9}{2.2 \040 Some general points about the code}{section*.5}
\BOOKMARK [3][-]{section*.11}{2.2.1 \040 Lambda expressions}{section*.9}
\BOOKMARK [3][-]{section*.13}{2.2.2 \040 Traits}{section*.9}
\BOOKMARK [3][-]{section*.15}{2.2.3 \040 Option Types}{section*.9}
\BOOKMARK [3][-]{section*.17}{2.2.4 \040 Monads}{section*.9}
\BOOKMARK [3][-]{section*.19}{2.2.5 \040 Applicative Functors}{section*.9}
\BOOKMARK [3][-]{section*.21}{2.2.6 \040 Typesafe numbers}{section*.9}
\BOOKMARK [3][-]{section*.23}{2.2.7 \040 HLists}{section*.9}
\BOOKMARK [1][-]{section*.25}{3 \040 Glossary}{}
\BOOKMARK [1][-]{section*.27}{4 \040 Architecture}{}
\BOOKMARK [2][-]{section*.29}{4.1 \040 Overall Architecture}{section*.27}
\BOOKMARK [3][-]{section*.31}{4.1.1 \040 Model}{section*.29}
\BOOKMARK [3][-]{section*.35}{4.1.2 \040 View}{section*.29}
\BOOKMARK [3][-]{section*.37}{4.1.3 \040 Controller}{section*.29}
\BOOKMARK [3][-]{section*.39}{4.1.4 \040 All external libraries that our code uses}{section*.29}
\BOOKMARK [2][-]{section*.41}{4.2 \040 The Website}{section*.27}
\BOOKMARK [3][-]{section*.43}{4.2.1 \040 Overall Website Architecture}{section*.41}
\BOOKMARK [1][-]{section*.51}{5 \040 Domain Model}{}
\BOOKMARK [2][-]{section*.53}{5.1 \040 How the Domain Model Has Changed}{section*.51}
\BOOKMARK [2][-]{section*.55}{5.2 \040 Users, Portfolios, and Leagues}{section*.51}
\BOOKMARK [3][-]{section*.57}{5.2.1 \040 Basic Definitions}{section*.55}
\BOOKMARK [3][-]{section*.59}{5.2.2 \040 The User-Portfolio-League domain model}{section*.55}
\BOOKMARK [2][-]{section*.61}{5.3 \040 Assets and Liabilities}{section*.51}
\BOOKMARK [3][-]{section*.63}{5.3.1 \040 How StockAssets work}{section*.61}
\BOOKMARK [3][-]{section*.65}{5.3.2 \040 How Derivative Assets/Liabilities work}{section*.61}
\BOOKMARK [2][-]{section*.67}{5.4 \040 Derivatives}{section*.51}
\BOOKMARK [3][-]{section*.69}{5.4.1 \040 Scaling Derivatives}{section*.67}
\BOOKMARK [2][-]{section*.71}{5.5 \040 Trading Stocks}{section*.51}
\BOOKMARK [3][-]{section*.73}{5.5.1 \040 When a new order comes in}{section*.71}
\BOOKMARK [3][-]{section*.75}{5.5.2 \040 Margin}{section*.71}
\BOOKMARK [3][-]{section*.77}{5.5.3 \040 Domain model for trading}{section*.71}
\BOOKMARK [2][-]{section*.79}{5.6 \040 Dividends}{section*.51}
\BOOKMARK [2][-]{section*.81}{5.7 \040 News}{section*.51}
\BOOKMARK [2][-]{section*.83}{5.8 \040 Voting}{section*.51}
\BOOKMARK [2][-]{section*.85}{5.9 \040 Comments}{section*.51}
\BOOKMARK [2][-]{section*.87}{5.10 \040 Auto Trades}{section*.51}
\BOOKMARK [1][-]{section*.89}{6 \040 Perturbations and Interactions}{}
\BOOKMARK [2][-]{section*.91}{6.1 \040 Stocks}{section*.89}
\BOOKMARK [3][-]{section*.93}{6.1.1 \040 allStockHoldings}{section*.91}
\BOOKMARK [3][-]{section*.95}{6.1.2 \040 Portfolio.myStockAssets}{section*.91}
\BOOKMARK [3][-]{section*.97}{6.1.3 \040 Portfolio.haveTicker}{section*.91}
\BOOKMARK [3][-]{section*.99}{6.1.4 \040 Portfolio.howManyShares}{section*.91}
\BOOKMARK [3][-]{section*.101}{6.1.5 \040 Portfolio.howManyDollars}{section*.91}
\BOOKMARK [3][-]{section*.103}{6.1.6 \040 Portfolio.userBuyStock}{section*.91}
\BOOKMARK [3][-]{section*.105}{6.1.7 \040 Portfolio.userSellStock}{section*.91}
\BOOKMARK [3][-]{section*.107}{6.1.8 \040 Portfolio.userSellAll}{section*.91}
\BOOKMARK [3][-]{section*.109}{6.1.9 \040 Portfolio.userMakeBuyLimitOrder}{section*.91}
\BOOKMARK [3][-]{section*.111}{6.1.10 \040 Portfolio.userMakeSellLimitOrder}{section*.91}
\BOOKMARK [3][-]{section*.113}{6.1.11 \040 Portfolio.myBuyLimitOrders}{section*.91}
\BOOKMARK [3][-]{section*.115}{6.1.12 \040 Portfolio.mySellLimitOrders}{section*.91}
\BOOKMARK [3][-]{section*.117}{6.1.13 \040 Portfolio.margin}{section*.91}
\BOOKMARK [2][-]{section*.119}{6.2 \040 Derivatives}{section*.89}
\BOOKMARK [3][-]{section*.121}{6.2.1 \040 Exercising Derivatives}{section*.119}
\BOOKMARK [3][-]{section*.129}{6.2.2 \040 Portfolio.myDerivativeAssets}{section*.119}
\BOOKMARK [3][-]{section*.131}{6.2.3 \040 Portfolio.myDerivativeLiabilities}{section*.119}
\BOOKMARK [3][-]{section*.133}{6.2.4 \040 Portfolio.myDerivativeOffers}{section*.119}
\BOOKMARK [3][-]{section*.135}{6.2.5 \040 Portfolio.userOfferDerivativeTo}{section*.119}
\BOOKMARK [3][-]{section*.137}{6.2.6 \040 Portfolio.userOfferDerivativeAtAuction}{section*.119}
\BOOKMARK [3][-]{section*.139}{6.2.7 \040 Portfolio.userAcceptOffer}{section*.119}
\BOOKMARK [3][-]{section*.141}{6.2.8 \040 Portfolio.userDeclineOffer}{section*.119}
\BOOKMARK [3][-]{section*.143}{6.2.9 \040 DerivativeAsset.userExecuteManually}{section*.119}
\BOOKMARK [3][-]{section*.145}{6.2.10 \040 DerivativeAsset.systemExecuteOnSchedule}{section*.119}
\BOOKMARK [3][-]{section*.147}{6.2.11 \040 DerivativeAsset.spotValue}{section*.119}
\BOOKMARK [2][-]{section*.149}{6.3 \040 Dividends}{section*.89}
\BOOKMARK [3][-]{section*.151}{6.3.1 \040 DividendSchema.systemCheckForDividends}{section*.149}
\BOOKMARK [3][-]{section*.153}{6.3.2 \040 Portfolio.myDividendPayments}{section*.149}
\BOOKMARK [2][-]{section*.155}{6.4 \040 Voting}{section*.89}
\BOOKMARK [3][-]{section*.157}{6.4.1 \040 Portfolio.userVoteUp}{section*.155}
\BOOKMARK [3][-]{section*.159}{6.4.2 \040 Portfolio.userVoteDown}{section*.155}
\BOOKMARK [3][-]{section*.161}{6.4.3 \040 NewsEvent.buyerVotes}{section*.155}
\BOOKMARK [3][-]{section*.163}{6.4.4 \040 NewsEvent.sellerVotes}{section*.155}
\BOOKMARK [2][-]{section*.165}{6.5 \040 Comments}{section*.89}
\BOOKMARK [3][-]{section*.167}{6.5.1 \040 User.userPostComment}{section*.165}
\BOOKMARK [3][-]{section*.169}{6.5.2 \040 NewsEvent.comments}{section*.165}
\BOOKMARK [2][-]{section*.171}{6.6 \040 Auto Trades}{section*.89}
\BOOKMARK [3][-]{section*.173}{6.6.1 \040 Running an Auto Trade}{section*.171}
\BOOKMARK [3][-]{section*.175}{6.6.2 \040 Creating}{section*.171}
\BOOKMARK [3][-]{section*.177}{6.6.3 \040 Modifying}{section*.171}
\BOOKMARK [3][-]{section*.179}{6.6.4 \040 Deleting}{section*.171}
\BOOKMARK [3][-]{section*.181}{6.6.5 \040 Getting all auto trades}{section*.171}
\BOOKMARK [2][-]{section*.183}{6.7 \040 News}{section*.89}
\BOOKMARK [3][-]{section*.185}{6.7.1 \040 Getting recent news events}{section*.183}
\BOOKMARK [3][-]{section*.187}{6.7.2 \040 Reporting an event}{section*.183}
\BOOKMARK [2][-]{section*.189}{6.8 \040 Auctions}{section*.89}
\BOOKMARK [3][-]{section*.191}{6.8.1 \040 Offering a derivative at auction}{section*.189}
\BOOKMARK [3][-]{section*.193}{6.8.2 \040 Bidding on an auction}{section*.189}
\BOOKMARK [3][-]{section*.195}{6.8.3 \040 Getting the current high bid}{section*.189}
\BOOKMARK [3][-]{section*.197}{6.8.4 \040 Closing an auction}{section*.189}
\BOOKMARK [1][-]{section*.199}{7 \040 Class Diagram and Interface Specification}{}
\BOOKMARK [1][-]{section*.201}{8 \040 System Architecutre and System Design}{}
\BOOKMARK [2][-]{section*.203}{8.1 \040 Serializing objects without using reflection}{section*.201}
\BOOKMARK [3][-]{section*.205}{8.1.1 \040 Why we needed to change}{section*.203}
\BOOKMARK [3][-]{section*.207}{8.1.2 \040 Product Types}{section*.203}
\BOOKMARK [3][-]{section*.209}{8.1.3 \040 Generic representation of products}{section*.203}
\BOOKMARK [3][-]{section*.211}{8.1.4 \040 Looping over products}{section*.203}
\BOOKMARK [3][-]{section*.213}{8.1.5 \040 Extracting the fields of a product type}{section*.203}
\BOOKMARK [3][-]{section*.215}{8.1.6 \040 Re-creating a product type from the fields}{section*.203}
\BOOKMARK [3][-]{section*.217}{8.1.7 \040 The advantage to this method of serialization}{section*.203}
\BOOKMARK [3][-]{section*.219}{8.1.8 \040 Putting this all together}{section*.203}
\BOOKMARK [2][-]{section*.221}{8.2 \040 Evaluating the cohesion of functional code}{section*.201}
\BOOKMARK [3][-]{section*.223}{8.2.1 \040 Why OO metrics do not work well for functional code}{section*.221}
\BOOKMARK [3][-]{section*.225}{8.2.2 \040 Thinking in terms of statements and proofs}{section*.221}
\BOOKMARK [3][-]{section*.227}{8.2.3 \040 Evaluating cohesion}{section*.221}
\BOOKMARK [3][-]{section*.229}{8.2.4 \040 Can you assume too little?}{section*.221}
\BOOKMARK [3][-]{section*.231}{8.2.5 \040 Templating}{section*.221}
\BOOKMARK [3][-]{section*.233}{8.2.6 \040 Improving Lift Forms}{section*.221}
\BOOKMARK [1][-]{section*.243}{9 \040 Algorithms and Data Structures}{}
\BOOKMARK [1][-]{section*.245}{10 \040 User Interface Design and Implementation}{}
\BOOKMARK [1][-]{section*.247}{11 \040 Summary of Changes}{}
\BOOKMARK [1][-]{section*.249}{12 \040 Customer Statement of Requirements}{}
\BOOKMARK [1][-]{section*.251}{13 \040 Functional Requirements Specification}{}
\BOOKMARK [1][-]{section*.253}{14 \040 Nonfunctional Requirements}{}
\BOOKMARK [1][-]{section*.255}{15 \040 Effort Estimation using Use Case Points}{}
\BOOKMARK [1][-]{section*.257}{16 \040 Class Diagram and Interface Specification}{}
\BOOKMARK [1][-]{section*.259}{17 \040 Design Patterns}{}
\BOOKMARK [1][-]{section*.261}{18 \040 Object Constraint Language \(OCL\) Contracts}{}
\BOOKMARK [1][-]{section*.263}{19 \040 System Architecture and System Design}{}
\BOOKMARK [1][-]{section*.265}{20 \040 Algorithms and Data Structures}{}
\BOOKMARK [1][-]{section*.267}{21 \040 User Interface Design and Implementation}{}
\BOOKMARK [1][-]{section*.269}{22 \040 History of Work \046 Current Status of Implemenation}{}
\BOOKMARK [2][-]{section*.271}{22.1 \040 Gantt Chart}{section*.269}
\BOOKMARK [2][-]{section*.273}{22.2 \040 Comparison to Planned Milestones}{section*.269}
\BOOKMARK [2][-]{section*.275}{22.3 \040 Key Accomplishments}{section*.269}
\BOOKMARK [1][-]{section*.277}{23 \040 Conclusions and Future Work}{}
\BOOKMARK [1][-]{section*.279}{24 \040 References}{}
